Arguments: 
  C:\Program Files\nodejs\node.exe C:\Users\63927\AppData\Roaming\npm\node_modules\yarn\bin\yarn.js add particles.vue vue@2

PATH: 
  C:\Windows\system32;C:\Windows;C:\Windows\System32\Wbem;C:\Windows\System32\WindowsPowerShell\v1.0\;C:\Windows\System32\OpenSSH\;C:\Program Files\nodejs\;C:\xampp\php;C:\composer;C:\Users\63927\AppData\Local\Microsoft\WindowsApps;;C:\Users\63927\AppData\Local\Programs\Microsoft VS Code\bin;C:\Users\63927\AppData\Roaming\npm;C:\Users\63927\AppData\Roaming\Composer\vendor\bin

Yarn version: 
  1.22.19

Node version: 
  18.12.1

Platform: 
  win32 x64

Trace: 
  Error: EPERM: operation not permitted, unlink 'D:\Nuxt\patterns\node_modules\esbuild-windows-64\esbuild.exe'

npm manifest: 
  {
    "private": true,
    "scripts": {
      "build": "nuxt build",
      "dev": "nuxt dev",
      "generate": "nuxt generate",
      "preview": "nuxt preview",
      "postinstall": "nuxt prepare"
    },
    "devDependencies": {
      "nuxt": "^3.0.0"
    },
    "dependencies": {
      "yarn": "^1.22.19"
    }
  }

yarn manifest: 
  No manifest

Lockfile: 
  No lockfile
